TN:
SF:script/DeployFundMe.s.sol
FN:10,DeployFundMe.run
FNDA:8,DeployFundMe.run
DA:11,8
DA:12,8
DA:14,8
DA:15,8
DA:16,8
DA:17,8
FNF:1
FNH:1
LF:6
LH:6
BRF:0
BRH:0
end_of_record
TN:
SF:script/HelperConfig.s.sol
FN:17,HelperConfig.
FNDA:8,HelperConfig.
DA:18,8
BRDA:18,0,0,-
BRDA:18,0,1,8
DA:19,0
DA:21,8
FN:25,HelperConfig.getSepoliaETHConfig
FNDA:0,HelperConfig.getSepoliaETHConfig
DA:30,0
DA:33,0
FN:36,HelperConfig.createOrGetAnviConfig
FNDA:8,HelperConfig.createOrGetAnviConfig
DA:41,8
DA:42,8
DA:43,8
DA:44,8
DA:47,8
FN:50,HelperConfig.getPriceFeed
FNDA:8,HelperConfig.getPriceFeed
DA:51,8
FNF:4
FNH:3
LF:11
LH:8
BRF:2
BRH:1
end_of_record
TN:
SF:src/FundMe.sol
FN:21,FundMe.
FNDA:8,FundMe.
DA:22,8
DA:23,8
FN:26,FundMe.fund
FNDA:5,FundMe.fund
DA:27,5
BRDA:27,0,0,1
BRDA:27,0,1,4
DA:30,4
DA:31,4
FN:34,FundMe.getVersion
FNDA:1,FundMe.getVersion
DA:35,1
FN:38,FundMe.onlyOwner
FNDA:2,FundMe.onlyOwner
DA:40,2
BRDA:40,1,0,1
FN:44,FundMe.withdraw
FNDA:2,FundMe.withdraw
DA:45,1
DA:46,1
DA:47,1
DA:49,1
DA:58,1
DA:59,1
BRDA:59,2,0,-
BRDA:59,2,1,1
FN:73,FundMe.
FNDA:0,FundMe.
DA:74,0
FN:84,FundMe.getFounder
FNDA:1,FundMe.getFounder
DA:85,1
FN:87,FundMe.getAddressToAmountFunded
FNDA:1,FundMe.getAddressToAmountFunded
DA:88,1
FNF:8
FNH:7
LF:16
LH:15
BRF:5
BRH:4
end_of_record
TN:
SF:src/PriceConverter.sol
FN:10,PriceConverter.getPrice
FNDA:5,PriceConverter.getPrice
DA:15,5
DA:17,5
FN:21,PriceConverter.getConversionRate
FNDA:5,PriceConverter.getConversionRate
DA:22,5
DA:23,5
DA:25,5
FNF:2
FNH:2
LF:5
LH:5
BRF:0
BRH:0
end_of_record
TN:
SF:test/mocks/MockV3Aggregator.sol
FN:26,MockV3Aggregator.
FNDA:8,MockV3Aggregator.
DA:27,8
DA:28,8
FN:31,MockV3Aggregator.updateAnswer
FNDA:8,MockV3Aggregator.updateAnswer
DA:32,8
DA:33,8
DA:34,8
DA:35,8
DA:36,8
DA:37,8
FN:40,MockV3Aggregator.updateRoundData
FNDA:0,MockV3Aggregator.updateRoundData
DA:41,0
DA:42,0
DA:43,0
DA:44,0
DA:45,0
DA:46,0
FN:49,MockV3Aggregator.getRoundData
FNDA:0,MockV3Aggregator.getRoundData
DA:54,0
FN:57,MockV3Aggregator.latestRoundData
FNDA:5,MockV3Aggregator.latestRoundData
DA:62,5
FN:71,MockV3Aggregator.description
FNDA:0,MockV3Aggregator.description
DA:72,0
FNF:6
FNH:3
LF:17
LH:9
BRF:0
BRH:0
end_of_record
